2025-09-20 11:32:48,371 INFO s.s.S.SPDFApplication [main] Without additional features in jar
2025-09-20 11:32:48,372 INFO s.s.c.c.ConfigInitializer [main] Current settings file line count: 0
2025-09-20 11:32:48,376 INFO s.s.c.c.ConfigInitializer [main] Created settings file from template
2025-09-20 11:32:48,377 INFO s.s.c.c.ConfigInitializer [main] Created custom_settings file: ./configs/custom_settings.yml
2025-09-20 11:32:48,377 INFO s.s.S.SPDFApplication [main] Settings file: ./configs/settings.yml
2025-09-20 11:32:48,377 INFO s.s.S.SPDFApplication [main] Custom settings file: ./configs/custom_settings.yml
2025-09-20 11:32:48,989 INFO s.s.S.SPDFApplication [main] Starting SPDFApplication v1.3.2 using Java 21.0.8 with PID 33 (/app.jar started by stirlingpdfuser in /)
2025-09-20 11:32:48,990 INFO s.s.S.SPDFApplication [main] The following 1 profile is active: "default"
2025-09-20 11:32:52,105 INFO s.s.S.c.EndpointConfiguration [main] Disabled functional groups: enterprise
2025-09-20 11:32:52,106 INFO s.s.S.c.EndpointConfiguration [main] Total disabled endpoints: 1. Disabled endpoints: url-to-pdf
2025-09-20 11:32:52,323 INFO s.s.c.c.TempFileConfiguration [main] Created temporary directory: /tmp/stirling-pdf/stirling-pdf
2025-09-20 11:32:52,728 INFO s.s.c.u.FileMonitor [main] Monitoring directory: ./pipeline/watchedFolders
2025-09-20 11:32:53,201 INFO s.s.c.s.TempFileCleanupService [main] Created LibreOffice temp directory: /tmp/stirling-pdf/stirling-pdf/libreoffice
2025-09-20 11:32:53,201 INFO s.s.c.s.TempFileCleanupService [main] Running in Docker mode, using aggressive cleanup strategy
2025-09-20 11:32:53,204 INFO s.s.c.s.TempFileCleanupService [main] Startup cleanup complete. Deleted 0 temporary files/directories
2025-09-20 11:32:54,180 INFO s.s.c.s.JobQueue [main] Starting JobQueue lifecycle
2025-09-20 11:32:54,226 INFO s.s.S.SPDFApplication [main] Started SPDFApplication in 5.848 seconds (process running for 6.749)
2025-09-20 11:32:54,234 WARN s.s.c.u.FileMonitor [scheduling-1] not monitoring any directory, even the root directory itself: ./pipeline/watchedFolders
2025-09-20 11:32:54,237 INFO s.s.S.SPDFApplication [main] Stirling-PDF Started.
2025-09-20 11:32:54,237 INFO s.s.S.SPDFApplication [main] Navigate to http://localhost:8080/
2025-09-20 11:32:54,240 INFO s.s.S.c.a.p.PipelineDirectoryProcessor [scheduling-1] Created directory: /./pipeline/watchedFolders
2025-09-20 11:32:54,244 INFO s.s.c.s.TempFileCleanupService [scheduling-1] Running scheduled temporary file cleanup
2025-09-20 11:32:54,245 INFO s.s.c.u.TempFileManager [scheduling-1] Cleaned up 0 old temporary files
2025-09-20 11:32:54,245 INFO s.s.c.s.TempFileCleanupService [scheduling-1] Cleaned up 0 registered temporary files
2025-09-20 11:32:59,222 WARN s.s.c.u.FileMonitor [scheduling-1] not monitoring any directory, even the root directory itself: ./pipeline/watchedFolders
2025-09-20 11:32:59,224 INFO s.s.c.u.FileMonitor [scheduling-1] Registered directory: ./pipeline/watchedFolders
2025-09-20 11:47:23,418 INFO s.s.c.u.ProcessExecutor [qtp581865567-51] Running command: /opt/venv/bin/unoconvert --port 2003 --convert-to pdf /tmp/stirling-pdf/office2pdf_17287210646628535737/Permission Slip CASA TROPICANA MANAGEMENT CORPORATION.docx /tmp/stirling-pdf/office2pdf_17287210646628535737/Permission Slip CASA TROPICANA MANAGEMENT CORPORATION.pdf
2025-09-20 11:47:23,543 INFO s.s.c.u.ProcessExecutor [Thread-29] INFO:unoserver:Connecting.
2025-09-20 11:47:23,738 INFO s.s.c.u.ProcessExecutor [Thread-29] INFO:unoserver:Converting.
2025-09-20 11:47:24,253 INFO s.s.c.u.ProcessExecutor [Thread-29] INFO:unoserver:Saved to /tmp/stirling-pdf/office2pdf_17287210646628535737/Permission Slip CASA TROPICANA MANAGEMENT CORPORATION.pdf.
2025-09-20 11:51:10,371 INFO o.s.a.AbstractOpenApiResource [qtp581865567-77] Init duration for springdoc-openapi is: 1112 ms
2025-09-20 11:53:42,700 INFO s.s.c.u.ProcessExecutor [qtp581865567-80] Running command: /opt/venv/bin/unoconvert --port 2003 --convert-to pdf /tmp/stirling-pdf/office2pdf_6003247140228692870/Permission Slip CASA TROPICANA MANAGEMENT CORPORATION.docx /tmp/stirling-pdf/office2pdf_6003247140228692870/Permission Slip CASA TROPICANA MANAGEMENT CORPORATION.pdf
2025-09-20 11:53:42,826 INFO s.s.c.u.ProcessExecutor [Thread-31] INFO:unoserver:Connecting.
2025-09-20 11:53:42,835 INFO s.s.c.u.ProcessExecutor [Thread-31] INFO:unoserver:Converting.
2025-09-20 11:53:42,974 INFO s.s.c.u.ProcessExecutor [Thread-31] INFO:unoserver:Saved to /tmp/stirling-pdf/office2pdf_6003247140228692870/Permission Slip CASA TROPICANA MANAGEMENT CORPORATION.pdf.
2025-09-20 12:02:54,283 INFO s.s.c.s.TempFileCleanupService [scheduling-1] Running scheduled temporary file cleanup
2025-09-20 12:02:54,284 INFO s.s.c.u.TempFileManager [scheduling-1] Cleaned up 0 old temporary files
2025-09-20 12:02:54,285 INFO s.s.c.s.TempFileCleanupService [scheduling-1] Cleaned up 0 registered temporary files
2025-09-20 12:32:54,312 INFO s.s.c.s.TempFileCleanupService [scheduling-1] Running scheduled temporary file cleanup
2025-09-20 12:32:54,313 INFO s.s.c.u.TempFileManager [scheduling-1] Cleaned up 0 old temporary files
2025-09-20 12:32:54,313 INFO s.s.c.s.TempFileCleanupService [scheduling-1] Cleaned up 0 registered temporary files
