2025-09-20 09:06:55,919 INFO s.s.S.SPDFApplication [main] Additional features in jar
2025-09-20 09:06:55,921 INFO s.s.c.c.ConfigInitializer [main] Current settings file line count: 0
2025-09-20 09:06:55,925 INFO s.s.c.c.ConfigInitializer [main] Created settings file from template
2025-09-20 09:06:55,926 INFO s.s.c.c.ConfigInitializer [main] Created custom_settings file: ./configs/custom_settings.yml
2025-09-20 09:06:55,926 INFO s.s.S.SPDFApplication [main] Settings file: ./configs/settings.yml
2025-09-20 09:06:55,926 INFO s.s.S.SPDFApplication [main] Custom settings file: ./configs/custom_settings.yml
2025-09-20 09:06:56,502 INFO s.s.S.SPDFApplication [main] Starting SPDFApplication v1.3.2 using Java 21.0.8 with PID 25 (/app.jar started by stirlingpdfuser in /)
2025-09-20 09:06:56,503 INFO s.s.S.SPDFApplication [main] The following 1 profile is active: "security"
2025-09-20 09:07:00,460 INFO s.s.p.s.c.DatabaseConfig [main] Using default H2 database
2025-09-20 09:07:04,049 INFO s.s.p.s.s.KeyPersistenceService [main] Source directory does not exist: configs/db/keys
2025-09-20 09:07:04,663 INFO s.s.S.c.EndpointConfiguration [main] Disabled functional groups: enterprise
2025-09-20 09:07:04,663 INFO s.s.S.c.EndpointConfiguration [main] Total disabled endpoints: 1. Disabled endpoints: url-to-pdf
2025-09-20 09:07:04,977 INFO s.s.p.s.s.DatabaseService [main] Source directory does not exist: configs/db/backup
2025-09-20 09:07:05,115 INFO s.s.c.c.TempFileConfiguration [main] Created temporary directory: /tmp/stirling-pdf/stirling-pdf
2025-09-20 09:07:05,581 INFO s.s.c.u.FileMonitor [main] Monitoring directory: ./pipeline/watchedFolders
2025-09-20 09:07:06,048 INFO s.s.c.s.TempFileCleanupService [main] Created LibreOffice temp directory: /tmp/stirling-pdf/stirling-pdf/libreoffice
2025-09-20 09:07:06,048 INFO s.s.c.s.TempFileCleanupService [main] Running in Docker mode, using aggressive cleanup strategy
2025-09-20 09:07:06,051 INFO s.s.c.s.TempFileCleanupService [main] Startup cleanup complete. Deleted 0 temporary files/directories
2025-09-20 09:07:06,679 INFO s.s.p.s.s.DatabaseService [main] Database export completed: configs/backup/db/backup_202509200907.sql
2025-09-20 09:07:06,679 INFO s.s.p.s.InitialSecuritySetup [main] Default admin user created: admin
2025-09-20 09:07:06,760 INFO s.s.p.s.s.DatabaseService [main] Database export completed: configs/backup/db/backup_202509200907.sql
2025-09-20 09:07:06,789 INFO s.s.p.s.s.DatabaseService [main] Database export completed: configs/backup/db/backup_202509200907.sql
2025-09-20 09:07:06,789 INFO s.s.p.s.InitialSecuritySetup [main] Internal API user created: STIRLING-PDF-BACKEND-API-USER
2025-09-20 09:07:08,155 INFO s.s.c.s.JobQueue [main] Starting JobQueue lifecycle
2025-09-20 09:07:08,190 INFO s.s.S.SPDFApplication [main] Started SPDFApplication in 12.262 seconds (process running for 13.039)
2025-09-20 09:07:08,197 INFO s.s.S.SPDFApplication [main] Stirling-PDF Started.
2025-09-20 09:07:08,198 INFO s.s.S.SPDFApplication [main] Navigate to http://localhost:8080/
2025-09-20 09:07:08,200 WARN s.s.c.u.FileMonitor [scheduling-1] not monitoring any directory, even the root directory itself: ./pipeline/watchedFolders
2025-09-20 09:07:08,205 INFO s.s.S.c.a.p.PipelineDirectoryProcessor [scheduling-1] Created directory: /./pipeline/watchedFolders
2025-09-20 09:07:08,212 INFO s.s.c.s.TempFileCleanupService [scheduling-1] Running scheduled temporary file cleanup
2025-09-20 09:07:08,213 INFO s.s.c.u.TempFileManager [scheduling-1] Cleaned up 0 old temporary files
2025-09-20 09:07:08,214 INFO s.s.c.s.TempFileCleanupService [scheduling-1] Cleaned up 0 registered temporary files
2025-09-20 09:07:13,188 WARN s.s.c.u.FileMonitor [scheduling-1] not monitoring any directory, even the root directory itself: ./pipeline/watchedFolders
2025-09-20 09:07:13,191 INFO s.s.c.u.FileMonitor [scheduling-1] Registered directory: ./pipeline/watchedFolders
2025-09-20 09:37:08,655 INFO s.s.c.s.TempFileCleanupService [scheduling-1] Running scheduled temporary file cleanup
2025-09-20 09:37:08,657 INFO s.s.c.u.TempFileManager [scheduling-1] Cleaned up 0 old temporary files
2025-09-20 09:37:08,658 INFO s.s.c.s.TempFileCleanupService [scheduling-1] Cleaned up 0 registered temporary files
2025-09-20 10:07:08,676 INFO s.s.c.s.TempFileCleanupService [scheduling-1] Running scheduled temporary file cleanup
2025-09-20 10:07:08,676 INFO s.s.c.u.TempFileManager [scheduling-1] Cleaned up 0 old temporary files
2025-09-20 10:07:08,677 INFO s.s.c.s.TempFileCleanupService [scheduling-1] Cleaned up 0 registered temporary files
2025-09-20 10:37:08,725 INFO s.s.c.s.TempFileCleanupService [scheduling-1] Running scheduled temporary file cleanup
2025-09-20 10:37:08,726 INFO s.s.c.u.TempFileManager [scheduling-1] Cleaned up 0 old temporary files
2025-09-20 10:37:08,726 INFO s.s.c.s.TempFileCleanupService [scheduling-1] Cleaned up 0 registered temporary files
